Building DAG of jobs...
Relative file path './test-kneaddata-output' starts with './'. This is redundant and strongly discouraged. It can also lead to inconsistent results of the file-matching approach used by Snakemake. You can simply omit the './' for relative file paths.
Relative file path './test-kneaddata-output' starts with './'. This is redundant and strongly discouraged. It can also lead to inconsistent results of the file-matching approach used by Snakemake. You can simply omit the './' for relative file paths.
Using shell: /bin/bash
Provided cores: 1
Rules claiming more threads will be scaled down.
Job counts:
	count	jobs
	1	all
	1	kneaddata
	2

rule kneaddata:
    input: example-data/demo.fastq
    output: ./test-kneaddata-output
    jobid: 1

Finished job 1.
1 of 2 steps (50%) done

localrule all:
    input: ./test-kneaddata-output
    jobid: 0

Finished job 0.
2 of 2 steps (100%) done
Complete log: /home/j/jmoreno8/dev/usf-hii/biobakery/.snakemake/log/2018-06-08T134300.025998.snakemake.log
