Building DAG of jobs...
Using shell: /bin/bash
Provided cores: 1
Rules claiming more threads will be scaled down.
Job counts:
	count	jobs
	1	all
	1	metaphlan
	2

rule metaphlan:
    input: test-kneaddata-output, test-kneaddata-output/demo_kneaddata.fastq
    output: metaphlan_analysis/demo_metaphlan_output.txt
    jobid: 1

Finished job 1.
1 of 2 steps (50%) done

localrule all:
    input: metaphlan_analysis/demo_metaphlan_output.txt
    jobid: 0

Finished job 0.
2 of 2 steps (100%) done
Complete log: /home/j/jmoreno8/dev/usf-hii/biobakery/.snakemake/log/2018-06-08T142152.870696.snakemake.log
